{"content": {"suites": {"0": {"status": {"total_pass": 0, "total_skip": 0, "total_xpass": 0, "total_xfail": 0, "total_rerun": 0, "total_fail": 1, "total_error": 0}, "tests": {"0": {"status": "FAIL", "message": "       AssertionError: assert 'eipSessionJs... Used by Apps' == 'eipSessionJs...Used by Apps1'\n         - eipSessionJsp/EipFrameset.jsp: Used by Apps1\n         ?                                            -\n         + eipSessionJsp/EipFrameset.jsp: Used by Apps\n", "test_name": "test_login_To_CWA_functionality", "rerun": "0"}}, "suite_name": "TestScripts/Test_Login_CWA.py"}, "1": {"suite_name": "TestScripts/Test_Login_TDD_CWA.py", "tests": {"0": {"status": "FAIL", "message": "   selenium.common.exceptions.NoSuchElementException: Message: no such element: Unable to locate element: {\"method\":\"xpath\",\"selector\":\"//input[@autocomplete='username']\"}\n     (Session info: chrome=90.0.4430.93)\n", "test_name": "test_login_To_CWA_functionality_TDD", "rerun": "0"}}, "status": {"total_pass": 0, "total_skip": 0, "total_xpass": 0, "total_xfail": 0, "total_rerun": 0, "total_fail": 1, "total_error": 0}}}}, "date": "May 12, 2021", "start_time": 1620840354.731872, "total_suite": 2, "status": "FAIL", "status_list": {"pass": "0", "fail": "2", "skip": "0", "error": "0", "xpass": "0", "xfail": "0", "rerun": "0"}, "total_tests": "2"}